# JRE version: OpenJDK Runtime Environment (17.0.6) (build 17.0.6+0-b2043.56-10027231)
# Java VM: OpenJDK 64-Bit Server VM (17.0.6+0-b2043.56-10027231, mixed mode, tiered, compressed oops, compressed class ptrs, g1 gc, windows-amd64)
GC Precious Log:
 CPUs: 8 total, 8 available
 Memory: 24371M
 Large Page Support: Disabled
 NUMA Support: Disabled
 Compressed Oops: Enabled (32-bit)
 Heap Region Size: 1M
 Heap Min Capacity: 8M
 Heap Initial Capacity: 382M
 Heap Max Capacity: 2G
 Pre-touch: Disabled
 Parallel Workers: 8
 Concurrent Workers: 2
 Concurrent Refinement Workers: 8
 Periodic GC: Disabled
Heap:
 garbage-first heap   total 65536K, used 27472K [0x0000000080000000, 0x0000000100000000)
  region size 1024K, 8 young (8192K), 3 survivors (3072K)
 Metaspace       used 38236K, committed 38656K, reserved 1089536K
  class space    used 5122K, committed 5312K, reserved 1048576K
GC Heap History (14 events):
Event: 3.387 GC heap before
{Heap before GC invocations=0 (full 0):
 garbage-first heap   total 391168K, used 26624K [0x0000000080000000, 0x0000000100000000)
  region size 1024K, 23 young (23552K), 0 survivors (0K)
 Metaspace       used 10259K, committed 10432K, reserved 1064960K
  class space    used 1058K, committed 1152K, reserved 1048576K
}
Event: 3.399 GC heap after
{Heap after GC invocations=1 (full 0):
 garbage-first heap   total 391168K, used 10115K [0x0000000080000000, 0x0000000100000000)
  region size 1024K, 3 young (3072K), 3 survivors (3072K)
 Metaspace       used 10259K, committed 10432K, reserved 1064960K
  class space    used 1058K, committed 1152K, reserved 1048576K
}
Event: 5.258 GC heap before
{Heap before GC invocations=1 (full 0):
 garbage-first heap   total 391168K, used 39811K [0x0000000080000000, 0x0000000100000000)
  region size 1024K, 32 young (32768K), 3 survivors (3072K)
 Metaspace       used 11226K, committed 11456K, reserved 1064960K
  class space    used 1162K, committed 1280K, reserved 1048576K
}
Event: 5.262 GC heap after
{Heap after GC invocations=2 (full 0):
 garbage-first heap   total 391168K, used 14336K [0x0000000080000000, 0x0000000100000000)
  region size 1024K, 4 young (4096K), 4 survivors (4096K)
 Metaspace       used 11226K, committed 11456K, reserved 1064960K
  class space    used 1162K, committed 1280K, reserved 1048576K
}
Event: 7.283 GC heap before
{Heap before GC invocations=2 (full 0):
 garbage-first heap   total 391168K, used 51200K [0x0000000080000000, 0x0000000100000000)
  region size 1024K, 41 young (41984K), 4 survivors (4096K)
 Metaspace       used 21196K, committed 21504K, reserved 1073152K
  class space    used 2570K, committed 2752K, reserved 1048576K
}
Event: 7.288 GC heap after
{Heap after GC invocations=3 (full 0):
 garbage-first heap   total 391168K, used 18243K [0x0000000080000000, 0x0000000100000000)
  region size 1024K, 8 young (8192K), 8 survivors (8192K)
 Metaspace       used 21196K, committed 21504K, reserved 1073152K
  class space    used 2570K, committed 2752K, reserved 1048576K
}
Event: 8.745 GC heap before
{Heap before GC invocations=4 (full 0):
 garbage-first heap   total 65536K, used 49987K [0x0000000080000000, 0x0000000100000000)
  region size 1024K, 40 young (40960K), 8 survivors (8192K)
 Metaspace       used 26092K, committed 26432K, reserved 1073152K
  class space    used 3421K, committed 3584K, reserved 1048576K
}
Event: 8.753 GC heap after
{Heap after GC invocations=5 (full 0):
 garbage-first heap   total 65536K, used 20192K [0x0000000080000000, 0x0000000100000000)
  region size 1024K, 6 young (6144K), 6 survivors (6144K)
 Metaspace       used 26092K, committed 26432K, reserved 1073152K
  class space    used 3421K, committed 3584K, reserved 1048576K
}
Event: 9.666 GC heap before
{Heap before GC invocations=5 (full 0):
 garbage-first heap   total 65536K, used 43744K [0x0000000080000000, 0x0000000100000000)
  region size 1024K, 30 young (30720K), 6 survivors (6144K)
 Metaspace       used 29879K, committed 30144K, reserved 1081344K
  class space    used 4049K, committed 4160K, reserved 1048576K
}
Event: 9.671 GC heap after
{Heap after GC invocations=6 (full 0):
 garbage-first heap   total 65536K, used 21502K [0x0000000080000000, 0x0000000100000000)
  region size 1024K, 4 young (4096K), 4 survivors (4096K)
 Metaspace       used 29879K, committed 30144K, reserved 1081344K
  class space    used 4049K, committed 4160K, reserved 1048576K
}
Event: 10.569 GC heap before
{Heap before GC invocations=6 (full 0):
 garbage-first heap   total 65536K, used 46078K [0x0000000080000000, 0x0000000100000000)
  region size 1024K, 28 young (28672K), 4 survivors (4096K)
 Metaspace       used 33813K, committed 34176K, reserved 1081344K
  class space    used 4661K, committed 4800K, reserved 1048576K
}
Event: 10.573 GC heap after
{Heap after GC invocations=7 (full 0):
 garbage-first heap   total 65536K, used 22654K [0x0000000080000000, 0x0000000100000000)
  region size 1024K, 3 young (3072K), 3 survivors (3072K)
 Metaspace       used 33813K, committed 34176K, reserved 1081344K
  class space    used 4661K, committed 4800K, reserved 1048576K
}
Event: 10.978 GC heap before
{Heap before GC invocations=7 (full 0):
 garbage-first heap   total 65536K, used 30846K [0x0000000080000000, 0x0000000100000000)
  region size 1024K, 12 young (12288K), 3 survivors (3072K)
 Metaspace       used 35590K, committed 35968K, reserved 1081344K
  class space    used 4871K, committed 5056K, reserved 1048576K
}
Event: 10.982 GC heap after
{Heap after GC invocations=8 (full 0):
 garbage-first heap   total 65536K, used 24400K [0x0000000080000000, 0x0000000100000000)
  region size 1024K, 3 young (3072K), 3 survivors (3072K)
 Metaspace       used 35590K, committed 35968K, reserved 1081344K
  class space    used 4871K, committed 5056K, reserved 1048576K
}

